[06:07:49] [ServerMain/INFO]: [bootstrap] Running Java 21 (OpenJDK 64-Bit Server VM 21.0.7+6-LTS; Microsoft Microsoft-11369942) on Linux 6.8.0-1027-azure (amd64)
[06:07:49] [ServerMain/INFO]: [bootstrap] Loading Paper 1.21.4-232-ver/1.21.4@12d8fe0 (2025-06-09T10:15:42Z) for Minecraft 1.21.4
[06:07:49] [ServerMain/INFO]: [PluginInitializerManager] Initializing plugins...
[06:07:50] [ServerMain/INFO]: [PluginInitializerManager] Initialized 0 plugins
[06:07:54] [ServerMain/INFO]: Environment: Environment[sessionHost=https://sessionserver.mojang.com, servicesHost=https://api.minecraftservices.com, name=PROD]
[06:07:54] [ServerMain/INFO]: Found new data pack file/bukkit, loading it automatically
[06:07:54] [ServerMain/INFO]: Found new data pack paper, loading it automatically
[06:07:55] [ServerMain/INFO]: No existing world data, creating new world
[06:07:56] [ServerMain/INFO]: Loaded 1370 recipes
[06:07:56] [ServerMain/INFO]: Loaded 1481 advancements
[06:07:56] [ServerMain/INFO]: [MCTypeRegistry] Initialising converters for DataConverter...
[06:07:56] [ServerMain/INFO]: [MCTypeRegistry] Finished initialising converters for DataConverter in 218.0ms
[06:07:56] [Server thread/INFO]: Starting minecraft server version 1.21.4
[06:07:56] [Server thread/INFO]: Loading properties
[06:07:56] [Server thread/INFO]: This server is running Paper version 1.21.4-232-ver/1.21.4@12d8fe0 (2025-06-09T10:15:42Z) (Implementing API version 1.21.4-R0.1-SNAPSHOT)
[06:07:56] [Server thread/INFO]: [spark] This server bundles the spark profiler. For more information please visit https://docs.papermc.io/paper/profiling
[06:07:56] [Server thread/INFO]: Server Ping Player Sample Count: 12
[06:07:56] [Server thread/INFO]: Using 4 threads for Netty based IO
[06:07:57] [Server thread/INFO]: [MoonriseCommon] Paper is using 1 worker threads, 1 I/O threads
[06:07:57] [Server thread/INFO]: [ChunkTaskScheduler] Chunk system is using population gen parallelism: true
[06:07:57] [Server thread/INFO]: Default game type: SURVIVAL
[06:07:57] [Server thread/INFO]: Generating keypair
[06:07:57] [Server thread/INFO]: Starting Minecraft server on *:25565
[06:07:57] [Server thread/INFO]: Using epoll channel type
[06:07:57] [Server thread/INFO]: Paper: Using libdeflate (Linux x86_64) compression from Velocity.
[06:07:57] [Server thread/INFO]: Paper: Using OpenSSL 3.x.x (Linux x86_64) cipher from Velocity.
[06:07:57] [Server thread/WARN]: **** SERVER IS RUNNING IN OFFLINE/INSECURE MODE!
[06:07:57] [Server thread/WARN]: The server will make no attempt to authenticate usernames. Beware.
[06:07:57] [Server thread/WARN]: While this makes the game possible to play without internet access, it also opens up the ability for hackers to connect with any username they choose.
[06:07:57] [Server thread/WARN]: To change this, set "online-mode" to "true" in the server.properties file.
[06:07:57] [Server thread/INFO]: Preparing level "world"
[06:08:11] [Server thread/INFO]: Preparing start region for dimension minecraft:overworld
[06:08:11] [Server thread/INFO]: Preparing spawn area: 2%
[06:08:12] [Server thread/INFO]: Preparing spawn area: 2%
[06:08:12] [Server thread/INFO]: Preparing spawn area: 2%
[06:08:13] [Server thread/INFO]: Preparing spawn area: 2%
[06:08:14] [Server thread/INFO]: Preparing spawn area: 14%
[06:08:14] [Server thread/INFO]: Preparing spawn area: 18%
[06:08:14] [Server thread/INFO]: Preparing spawn area: 18%
[06:08:15] [Server thread/INFO]: Preparing spawn area: 18%
[06:08:15] [Server thread/INFO]: Preparing spawn area: 32%
[06:08:16] [Server thread/INFO]: Preparing spawn area: 42%
[06:08:16] [Server thread/INFO]: Preparing spawn area: 51%
[06:08:17] [Server thread/INFO]: Preparing spawn area: 51%
[06:08:17] [Server thread/INFO]: Preparing spawn area: 71%
[06:08:18] [Server thread/INFO]: Time elapsed: 6481 ms
[06:08:18] [Server thread/INFO]: Preparing start region for dimension minecraft:the_nether
[06:08:18] [Server thread/INFO]: Preparing spawn area: 2%
[06:08:18] [Server thread/INFO]: Preparing spawn area: 4%
[06:08:19] [Server thread/INFO]: Preparing spawn area: 18%
[06:08:19] [Server thread/INFO]: Preparing spawn area: 44%
[06:08:20] [Server thread/INFO]: Preparing spawn area: 51%
[06:08:20] [Server thread/INFO]: Time elapsed: 2340 ms
[06:08:20] [Server thread/INFO]: Preparing start region for dimension minecraft:the_end
[06:08:20] [Server thread/INFO]: Preparing spawn area: 2%
[06:08:21] [Server thread/INFO]: Preparing spawn area: 51%
[06:08:21] [Server thread/INFO]: Time elapsed: 535 ms
[06:08:21] [Server thread/INFO]: [spark] Starting background profiler...
[06:08:21] [Server thread/INFO]: Done preparing level "world" (23.716s)
[06:08:21] [Server thread/INFO]: Running delayed init tasks
[06:08:21] [Server thread/INFO]: Done (32.525s)! For help, type "help"
[06:08:21] [Server thread/INFO]: *************************************************************************************
[06:08:21] [Server thread/INFO]: This is the first time you're starting this server.
[06:08:21] [Server thread/INFO]: It's recommended you read our 'Getting Started' documentation for guidance.
[06:08:21] [Server thread/INFO]: View this and more helpful information here: https://docs.papermc.io/paper/next-steps
[06:08:21] [Server thread/INFO]: *************************************************************************************
[06:12:44] [Server thread/INFO]: Stopping server
[06:12:44] [Server thread/INFO]: Saving players
[06:12:44] [Server thread/INFO]: Saving worlds
[06:12:44] [Server thread/INFO]: Saving chunks for level 'ServerLevel[world]'/minecraft:overworld
[06:12:44] [Server thread/INFO]: [ChunkHolderManager] Waiting 60s for chunk system to halt for world 'world'
[06:12:44] [Server thread/INFO]: [ChunkHolderManager] Halted chunk system for world 'world'
[06:12:44] [Server thread/INFO]: [ChunkHolderManager] Saving all chunkholders for world 'world'
[06:12:45] [Server thread/INFO]: [ChunkHolderManager] Saved 841 block chunks, 49 entity chunks, 2 poi chunks in world 'world' in 0.91s
[06:12:45] [Server thread/INFO]: [ChunkHolderManager] Waiting 60s for chunk I/O to halt for world 'world'
[06:12:45] [Server thread/INFO]: [ChunkHolderManager] Halted I/O scheduler for world 'world'
[06:12:45] [Server thread/INFO]: Saving chunks for level 'ServerLevel[world_nether]'/minecraft:the_nether
[06:12:45] [Server thread/INFO]: [ChunkHolderManager] Waiting 60s for chunk system to halt for world 'world_nether'
[06:12:45] [Server thread/INFO]: [ChunkHolderManager] Halted chunk system for world 'world_nether'
[06:12:45] [Server thread/INFO]: [ChunkHolderManager] Saving all chunkholders for world 'world_nether'
[06:12:45] [Server thread/INFO]: [ChunkHolderManager] Saved 841 block chunks, 49 entity chunks, 0 poi chunks in world 'world_nether' in 0.45s
[06:12:45] [Server thread/INFO]: [ChunkHolderManager] Waiting 60s for chunk I/O to halt for world 'world_nether'
[06:12:45] [Server thread/INFO]: [ChunkHolderManager] Halted I/O scheduler for world 'world_nether'
[06:12:45] [Server thread/INFO]: Saving chunks for level 'ServerLevel[world_the_end]'/minecraft:the_end
[06:12:45] [Server thread/INFO]: [ChunkHolderManager] Waiting 60s for chunk system to halt for world 'world_the_end'
[06:12:45] [Server thread/INFO]: [ChunkHolderManager] Halted chunk system for world 'world_the_end'
[06:12:45] [Server thread/INFO]: [ChunkHolderManager] Saving all chunkholders for world 'world_the_end'
[06:12:45] [Server thread/INFO]: [ChunkHolderManager] Saved 841 block chunks, 49 entity chunks, 0 poi chunks in world 'world_the_end' in 0.27s
[06:12:45] [Server thread/INFO]: [ChunkHolderManager] Waiting 60s for chunk I/O to halt for world 'world_the_end'
[06:12:45] [Server thread/INFO]: [ChunkHolderManager] Halted I/O scheduler for world 'world_the_end'
[06:12:45] [Server thread/INFO]: ThreadedAnvilChunkStorage (world): All chunks are saved
[06:12:45] [Server thread/INFO]: ThreadedAnvilChunkStorage (DIM-1): All chunks are saved
[06:12:45] [Server thread/INFO]: ThreadedAnvilChunkStorage (DIM1): All chunks are saved
[06:12:45] [Server thread/INFO]: ThreadedAnvilChunkStorage: All dimensions are saved
[06:12:45] [Server thread/INFO]: Waiting for I/O tasks to complete...
[06:12:45] [Server thread/INFO]: All I/O tasks to complete
[06:12:45] [Server thread/INFO]: [MoonriseCommon] Awaiting termination of worker pool for up to 60s...
[06:12:45] [Server thread/INFO]: [MoonriseCommon] Awaiting termination of I/O pool for up to 60s...
